int: K, (1, 1)
main: K, (1, 5)
(: D, (1, 9)
): D, (1, 10)
{: D, (1, 11)
int: K, (2, 5)
b: I, (2, 9)
[: D, (2, 10)
10: C, (2, 11)
]: D, (2, 13)
[: D, (2, 14)
10: C, (2, 15)
]: D, (2, 17)
[: D, (2, 18)
10: C, (2, 19)
]: D, (2, 21)
,: D, (2, 22)
a: I, (2, 23)
;: D, (2, 24)
b: I, (3, 5)
[: D, (3, 6)
2: C, (3, 7)
]: D, (3, 8)
[: D, (3, 9)
2: C, (3, 10)
]: D, (3, 11)
[: D, (3, 12)
2: C, (3, 13)
]: D, (3, 14)
=: O, (3, 15)
010: C, (3, 16)
;: D, (3, 19)
int: K, (4, 5)
test: I, (4, 9)
=: O, (4, 13)
21474836472147483647: C, (4, 14)
;: D, (4, 34)
int: K, (5, 5)
test: I, (5, 9)
=: O, (5, 13)
0xabcde: C, (5, 14)
;: D, (5, 21)
int: K, (6, 5)
666bbb666: T, (6, 9)
;: D, (6, 18)
int: K, (7, 5)
aaa111aaa: I, (7, 9)
;: D, (7, 18)
a: I, (8, 5)
=: O, (8, 6)
b: I, (8, 7)
[: D, (8, 8)
2: C, (8, 9)
]: D, (8, 10)
[: D, (8, 11)
2: C, (8, 12)
]: D, (8, 13)
[: D, (8, 14)
2: C, (8, 15)
]: D, (8, 16)
;: D, (8, 17)
while: K, (9, 5)
(: D, (9, 10)
a: I, (9, 11)
>: O, (9, 12)
0: C, (9, 13)
): D, (9, 14)
{: D, (9, 15)
a: I, (10, 9)
=: O, (10, 10)
a: I, (10, 11)
-: O, (10, 12)
1: C, (10, 13)
;: D, (10, 14)
if: K, (11, 9)
(: D, (11, 11)
a: I, (11, 12)
==: O, (11, 13)
5: C, (11, 15)
): D, (11, 16)
break: K, (12, 13)
;: D, (12, 18)
}: D, (13, 5)
return: K, (14, 5)
a: I, (14, 12)
;: D, (14, 13)
}: D, (15, 1)
