int: K, (2, 1)
n: I, (2, 5)
;: D, (2, 6)
int: K, (3, 1)
a: I, (3, 5)
[: D, (3, 6)
10: C, (3, 7)
]: D, (3, 9)
;: D, (3, 10)
int: K, (4, 1)
main: K, (4, 5)
(: D, (4, 9)
): D, (4, 10)
{: D, (5, 1)
n: I, (6, 2)
=: O, (6, 4)
getint: I, (6, 6)
(: D, (6, 12)
): D, (6, 13)
;: D, (6, 14)
if: K, (7, 2)
(: D, (7, 5)
n: I, (7, 6)
>: O, (7, 8)
10: C, (7, 10)
): D, (7, 12)
return: K, (8, 3)
1: C, (8, 10)
;: D, (8, 11)
int: K, (9, 2)
s: I, (9, 6)
;: D, (9, 7)
int: K, (10, 2)
i: I, (10, 6)
;: D, (10, 7)
i: I, (11, 2)
=: O, (11, 4)
0: C, (11, 6)
;: D, (11, 7)
s: I, (12, 2)
=: O, (12, 4)
i: I, (12, 6)
;: D, (12, 7)
while: K, (13, 2)
(: D, (13, 8)
i: I, (13, 9)
<: O, (13, 11)
n: I, (13, 13)
): D, (13, 14)
{: D, (13, 16)
a: I, (14, 4)
[: D, (14, 5)
i: I, (14, 6)
]: D, (14, 7)
=: O, (14, 9)
getint: I, (14, 11)
(: D, (14, 17)
): D, (14, 18)
;: D, (14, 19)
s: I, (15, 4)
=: O, (15, 6)
s: I, (15, 8)
+: O, (15, 10)
a: I, (15, 12)
[: D, (15, 13)
i: I, (15, 14)
]: D, (15, 15)
;: D, (15, 16)
i: I, (16, 4)
=: O, (16, 5)
i: I, (16, 6)
+: O, (16, 7)
1: C, (16, 8)
;: D, (16, 9)
}: D, (17, 2)
putint: I, (18, 2)
(: D, (18, 8)
s: I, (18, 9)
): D, (18, 10)
;: D, (18, 11)
int: K, (19, 2)
newline: I, (19, 6)
;: D, (19, 13)
newline: I, (20, 2)
=: O, (20, 10)
10: C, (20, 12)
;: D, (20, 14)
putch: I, (21, 2)
(: D, (21, 7)
newline: I, (21, 8)
): D, (21, 15)
;: D, (21, 16)
return: K, (22, 2)
s: I, (22, 9)
;: D, (22, 10)
}: D, (23, 1)
