int: K, (1, 1)
fact: I, (1, 5)
(: D, (1, 9)
int: K, (1, 10)
n: I, (1, 14)
): D, (1, 15)
{: D, (1, 17)
if: K, (2, 3)
(: D, (2, 6)
n: I, (2, 7)
==: O, (2, 9)
0: C, (2, 12)
): D, (2, 13)
{: D, (2, 15)
return: K, (3, 5)
1: C, (3, 12)
;: D, (3, 13)
}: D, (4, 3)
int: K, (5, 3)
nn: I, (5, 7)
;: D, (5, 9)
nn: I, (6, 3)
=: O, (6, 6)
n: I, (6, 8)
-: O, (6, 9)
1: C, (6, 10)
;: D, (6, 11)
return: K, (7, 3)
(: D, (7, 10)
n: I, (7, 11)
*: O, (7, 13)
fact: I, (7, 15)
(: D, (7, 19)
nn: I, (7, 20)
): D, (7, 22)
): D, (7, 23)
;: D, (7, 24)
}: D, (8, 1)
int: K, (10, 1)
main: K, (10, 5)
(: D, (10, 9)
): D, (10, 10)
{: D, (10, 12)
int: K, (11, 3)
n: I, (11, 7)
;: D, (11, 8)
n: I, (12, 3)
=: O, (12, 5)
4: C, (12, 7)
;: D, (12, 8)
return: K, (13, 3)
fact: I, (13, 10)
(: D, (13, 14)
n: I, (13, 15)
): D, (13, 16)
;: D, (13, 17)
}: D, (14, 1)
