const: K, (1, 1)
int: K, (1, 7)
N: I, (1, 11)
=: O, (1, 13)
100: C, (1, 15)
;: D, (1, 18)
int: K, (2, 1)
a: I, (2, 5)
[: D, (2, 6)
N: I, (2, 7)
]: D, (2, 8)
;: D, (2, 9)
int: K, (4, 1)
func: I, (4, 5)
(: D, (4, 9)
int: K, (4, 10)
x: I, (4, 14)
): D, (4, 15)
{: D, (4, 17)
if: K, (5, 5)
(: D, (5, 8)
x: I, (5, 9)
==: O, (5, 11)
1: C, (5, 14)
||: O, (5, 16)
x: I, (5, 19)
==: O, (5, 21)
0: C, (5, 24)
): D, (5, 25)
return: K, (5, 27)
1: C, (5, 34)
;: D, (5, 35)
else: K, (6, 5)
return: K, (6, 10)
func: I, (6, 17)
(: D, (6, 21)
x: I, (6, 22)
-: O, (6, 24)
1: C, (6, 26)
): D, (6, 27)
+: O, (6, 29)
func: I, (6, 31)
(: D, (6, 35)
x: I, (6, 36)
-: O, (6, 38)
2: C, (6, 40)
): D, (6, 41)
;: D, (6, 42)
}: D, (7, 1)
int: K, (9, 1)
main: K, (9, 5)
(: D, (9, 9)
): D, (9, 10)
{: D, (9, 12)
int: K, (10, 5)
b: I, (10, 9)
=: O, (10, 11)
10: C, (10, 13)
;: D, (10, 15)
a: I, (11, 5)
[: D, (11, 6)
0: C, (11, 7)
]: D, (11, 8)
=: O, (11, 10)
func: I, (11, 12)
(: D, (11, 16)
b: I, (11, 17)
+: O, (11, 19)
2: C, (11, 21)
): D, (11, 22)
;: D, (11, 23)
}: D, (12, 1)
